{
  "stats": {
    "suites": 1,
    "tests": 12,
    "passes": 12,
    "pending": 0,
    "failures": 0,
    "start": "2017-05-31T05:24:11.854Z",
    "end": "2017-05-31T05:24:12.038Z",
    "duration": 184,
    "testsRegistered": 12,
    "passPercent": 100,
    "pendingPercent": 0,
    "other": 0,
    "hasOther": false,
    "skipped": 0,
    "hasSkipped": false,
    "passPercentClass": "success",
    "pendingPercentClass": "danger"
  },
  "suites": {
    "title": "",
    "suites": [
      {
        "title": "asyncLimit",
        "suites": [],
        "tests": [
          {
            "title": "constructor",
            "fullTitle": "asyncLimit constructor",
            "timedOut": false,
            "duration": 0,
            "state": "passed",
            "speed": "fast",
            "pass": true,
            "fail": false,
            "pending": false,
            "code": "var asy = new asyncLimit(10);\nasy.limit.should.be.equal(10);\nasy.queue.should.have.length(0);\nasy.active.should.be.equal(0);\nasy.options.disabled.should.be.equal(false);",
            "err": {},
            "isRoot": false,
            "uuid": "9995a951-ebf6-44bf-93fc-78a9a768edf4",
            "parentUUID": "ef2d66b3-18ed-47ce-8ac8-733c4ce8f02d",
            "isHook": false,
            "skipped": false
          },
          {
            "title": "constructor disabled",
            "fullTitle": "asyncLimit constructor disabled",
            "timedOut": false,
            "duration": 0,
            "state": "passed",
            "speed": "fast",
            "pass": true,
            "fail": false,
            "pending": false,
            "code": "var asy = new asyncLimit(10, true);\nasy.limit.should.be.equal(10);\nasy.queue.should.have.length(0);\nasy.active.should.be.equal(0);\nasy.options.disabled.should.be.equal(true);",
            "err": {},
            "isRoot": false,
            "uuid": "8285ebba-d9df-4e2f-95ae-e237e4fdf3de",
            "parentUUID": "ef2d66b3-18ed-47ce-8ac8-733c4ce8f02d",
            "isHook": false,
            "skipped": false
          },
          {
            "title": "constructor limit less than 1",
            "fullTitle": "asyncLimit constructor limit less than 1",
            "timedOut": false,
            "duration": 32,
            "state": "passed",
            "speed": "fast",
            "pass": true,
            "fail": false,
            "pending": false,
            "code": "var asy = new asyncLimit(0);\nasy.push(async, 10, function () {\n  asy.active.should.be.equal(0);\n  done();\n});\nasy.active.should.be.equal(0);",
            "err": {},
            "isRoot": false,
            "uuid": "69a89ae0-f750-4683-b807-ff9bc27ee152",
            "parentUUID": "ef2d66b3-18ed-47ce-8ac8-733c4ce8f02d",
            "isHook": false,
            "skipped": false
          },
          {
            "title": "constructor limit less than 1 for nextTick",
            "fullTitle": "asyncLimit constructor limit less than 1 for nextTick",
            "timedOut": false,
            "duration": 0,
            "state": "passed",
            "speed": "fast",
            "pass": true,
            "fail": false,
            "pending": false,
            "code": "var asy = new asyncLimit(0);\nasy.push(process.nextTick, function () {\n  asy.active.should.be.equal(0);\n  done();\n});\nasy.active.should.be.equal(0);",
            "err": {},
            "isRoot": false,
            "uuid": "1a2e82db-b1ae-4b2e-8fe7-41504d2d7b38",
            "parentUUID": "ef2d66b3-18ed-47ce-8ac8-733c4ce8f02d",
            "isHook": false,
            "skipped": false
          },
          {
            "title": "constructor disabled is true",
            "fullTitle": "asyncLimit constructor disabled is true",
            "timedOut": false,
            "duration": 15,
            "state": "passed",
            "speed": "fast",
            "pass": true,
            "fail": false,
            "pending": false,
            "code": "var asy = new asyncLimit(10, true);\nasy.push(async, 10, function () {\n  asy.active.should.be.equal(0);\n  done();\n});\nasy.active.should.be.equal(0);",
            "err": {},
            "isRoot": false,
            "uuid": "c927e136-5092-4139-a663-6d4504bac056",
            "parentUUID": "ef2d66b3-18ed-47ce-8ac8-733c4ce8f02d",
            "isHook": false,
            "skipped": false
          },
          {
            "title": "push",
            "fullTitle": "asyncLimit push",
            "timedOut": false,
            "duration": 20,
            "state": "passed",
            "speed": "fast",
            "pass": true,
            "fail": false,
            "pending": false,
            "code": "var asy = new asyncLimit(5);\nasy.limit.should.be.equal(5);\nasy.queue.should.have.length(0);\nasy.active.should.be.equal(0);\nasy.push(async, 10, function () {\n  asy.active.should.be.equal(0);\n  done();\n});\nasy.active.should.be.equal(1);",
            "err": {},
            "isRoot": false,
            "uuid": "da6a7970-d1bc-4365-a19b-d2e0ee1dfbf7",
            "parentUUID": "ef2d66b3-18ed-47ce-8ac8-733c4ce8f02d",
            "isHook": false,
            "skipped": false
          },
          {
            "title": "push, async with this",
            "fullTitle": "asyncLimit push, async with this",
            "timedOut": false,
            "duration": 0,
            "state": "passed",
            "speed": "fast",
            "pass": true,
            "fail": false,
            "pending": false,
            "code": "var asy = new asyncLimit(5);\nasy.limit.should.be.equal(5);\nasy.queue.should.have.length(0);\nasy.active.should.be.equal(0);\nvar context = {value: 10};\ncontext.async = function (callback) {\n  this.value--;\n  //console.log('this:',this.value);\n  var that = this;\n  process.nextTick(function() {\n    callback(that.value);\n    // console.log('that:',that.value);\n  });\n};\nasy.push(context.async.bind(context), function () {\n  asy.active.should.be.equal(0);\n  done();\n});\nasy.active.should.be.equal(1);",
            "err": {},
            "isRoot": false,
            "uuid": "7a8a8448-1dcd-4aab-acbe-a054778cbf87",
            "parentUUID": "ef2d66b3-18ed-47ce-8ac8-733c4ce8f02d",
            "isHook": false,
            "skipped": false
          },
          {
            "title": "push, active should not be above limit",
            "fullTitle": "asyncLimit push, active should not be above limit",
            "timedOut": false,
            "duration": 31,
            "state": "passed",
            "speed": "fast",
            "pass": true,
            "fail": false,
            "pending": false,
            "code": "var limit = 5;\nvar asy = new asyncLimit(limit);\nasy.limit.should.be.equal(limit);\nasy.queue.should.have.length(0);\nasy.active.should.be.equal(0);\nvar counter = 10;\nfor (var i = 0; i < counter; i++) {\n  var pushValue = 1 + Math.round(Math.random() * 10);\n  asy.push(async, pushValue, function () {\n    // console.log('push:',pushValue);\n    // console.log('active:',asy.active);\n    asy.active.should.not.be.above(limit);\n    counter--;\n    if (counter === 0) {\n      done();\n    }\n  });\n  asy.active.should.not.be.above(limit);\n}",
            "err": {},
            "isRoot": false,
            "uuid": "daba9546-b1c5-48cb-9c0a-03637c098fea",
            "parentUUID": "ef2d66b3-18ed-47ce-8ac8-733c4ce8f02d",
            "isHook": false,
            "skipped": false
          },
          {
            "title": "push, disabled, active should not be above limit",
            "fullTitle": "asyncLimit push, disabled, active should not be above limit",
            "timedOut": false,
            "duration": 31,
            "state": "passed",
            "speed": "fast",
            "pass": true,
            "fail": false,
            "pending": false,
            "code": "var limit = 5;\nvar asy = new asyncLimit(limit, true);\nasy.limit.should.be.equal(limit);\nasy.queue.should.have.length(0);\nasy.active.should.be.equal(0);\nvar counter = 10;\nfor (var i = 0; i < counter; i++) {\n  var pushValue = 10 + Math.round(Math.random() * 10);\n  asy.push(async, pushValue, function () {\n    // console.log('push:',pushValue);\n    // console.log('active:',asy.active);\n    asy.active.should.be.equal(0);\n    counter--;\n    if (counter === 0) {\n      done();\n    }\n  });\n  asy.active.should.be.equal(0);\n}",
            "err": {},
            "isRoot": false,
            "uuid": "328def19-8d96-4fbf-a0b0-732b2e26e35b",
            "parentUUID": "ef2d66b3-18ed-47ce-8ac8-733c4ce8f02d",
            "isHook": false,
            "skipped": false
          },
          {
            "title": "full event should fired when above limit",
            "fullTitle": "asyncLimit full event should fired when above limit",
            "timedOut": false,
            "duration": 0,
            "state": "passed",
            "speed": "fast",
            "pass": true,
            "fail": false,
            "pending": false,
            "code": "var limit = 5;\nvar asy = new asyncLimit(limit);\nasy.limit.should.be.equal(limit);\nasy.queue.should.have.length(0);\nasy.active.should.be.equal(0);\nvar counter = 0;\nasy.on('full', function (length) {\n  length.should.above(1);\n  counter++;\n});\nvar noop = function () {};\nfor (var i = 0; i < 100; i++) {\n  asy.push(async, 10, noop);\n}\ncounter.should.above(0);\ndone();",
            "err": {},
            "isRoot": false,
            "uuid": "4254f0a1-6a89-439c-b765-bc4bc85d431b",
            "parentUUID": "ef2d66b3-18ed-47ce-8ac8-733c4ce8f02d",
            "isHook": false,
            "skipped": false
          },
          {
            "title": "should support without callback",
            "fullTitle": "asyncLimit should support without callback",
            "timedOut": false,
            "duration": 0,
            "state": "passed",
            "speed": "fast",
            "pass": true,
            "fail": false,
            "pending": false,
            "code": "var limit = 5;\nvar asy = new asyncLimit(limit);\nasy.limit.should.be.equal(limit);\nasy.queue.should.have.length(0);\nasy.active.should.be.equal(0);\nasy.push(async, 10);\n// console.log(asy.active);\nasy.active.should.be.equal(1);\ndone();",
            "err": {},
            "isRoot": false,
            "uuid": "bc820adc-eba7-40ca-8c3b-48a03213d0e5",
            "parentUUID": "ef2d66b3-18ed-47ce-8ac8-733c4ce8f02d",
            "isHook": false,
            "skipped": false
          },
          {
            "title": "should get TimeoutError",
            "fullTitle": "asyncLimit should get TimeoutError",
            "timedOut": false,
            "duration": 38,
            "state": "passed",
            "speed": "medium",
            "pass": true,
            "fail": false,
            "pending": false,
            "code": "done = pedding(3, done);\nvar _async = function _async(ms, callback) {\n  setTimeout(function () {\n    callback(null, {ms: ms});\n    // console.log(ms)\n  }, ms);\n};\nvar _async2 = function _async(ms, callback) {\n  setTimeout(function () {\n    callback(new Error('Timeout'));\n  }, ms);\n};\nvar asy = new asyncLimit(10, {\n  timeout: 10\n});\nasy.on('outTime', function (err) {\n  should.exist(err);\n  done();\n});\n//5<10不报错\nasy.push(_async, 5, function (err, data) {\n  should.not.exist(err);\n  should.exist(data);\n  data.should.have.property('ms', 5);\n  done();\n});\n//15>10报错\nasy.push(_async2, 15, function (err) {\n  should.exist(err);\n  err.name.should.eql('TimeoutError');\n  err.message.should.eql('10ms timeout');\n  err.data.should.have.property('name', '_async');\n  err.data.should.have.property('method');\n  err.data.args.should.eql([15]);\n  done();\n});",
            "err": {},
            "isRoot": false,
            "uuid": "46d3191c-d80e-415e-9f3e-e107725c445b",
            "parentUUID": "ef2d66b3-18ed-47ce-8ac8-733c4ce8f02d",
            "isHook": false,
            "skipped": false
          }
        ],
        "pending": [],
        "root": false,
        "_timeout": 2000,
        "file": "\\test\\asy.test.js",
        "uuid": "ef2d66b3-18ed-47ce-8ac8-733c4ce8f02d",
        "failedHooks": [],
        "fullFile": "C:\\Users\\skyxi\\Desktop\\asyncDNS\\test\\asy.test.js",
        "passes": [
          {
            "title": "constructor",
            "fullTitle": "asyncLimit constructor",
            "timedOut": false,
            "duration": 0,
            "state": "passed",
            "speed": "fast",
            "pass": true,
            "fail": false,
            "pending": false,
            "code": "var asy = new asyncLimit(10);\nasy.limit.should.be.equal(10);\nasy.queue.should.have.length(0);\nasy.active.should.be.equal(0);\nasy.options.disabled.should.be.equal(false);",
            "err": {},
            "isRoot": false,
            "uuid": "9995a951-ebf6-44bf-93fc-78a9a768edf4",
            "parentUUID": "ef2d66b3-18ed-47ce-8ac8-733c4ce8f02d",
            "isHook": false,
            "skipped": false
          },
          {
            "title": "constructor disabled",
            "fullTitle": "asyncLimit constructor disabled",
            "timedOut": false,
            "duration": 0,
            "state": "passed",
            "speed": "fast",
            "pass": true,
            "fail": false,
            "pending": false,
            "code": "var asy = new asyncLimit(10, true);\nasy.limit.should.be.equal(10);\nasy.queue.should.have.length(0);\nasy.active.should.be.equal(0);\nasy.options.disabled.should.be.equal(true);",
            "err": {},
            "isRoot": false,
            "uuid": "8285ebba-d9df-4e2f-95ae-e237e4fdf3de",
            "parentUUID": "ef2d66b3-18ed-47ce-8ac8-733c4ce8f02d",
            "isHook": false,
            "skipped": false
          },
          {
            "title": "constructor limit less than 1",
            "fullTitle": "asyncLimit constructor limit less than 1",
            "timedOut": false,
            "duration": 32,
            "state": "passed",
            "speed": "fast",
            "pass": true,
            "fail": false,
            "pending": false,
            "code": "var asy = new asyncLimit(0);\nasy.push(async, 10, function () {\n  asy.active.should.be.equal(0);\n  done();\n});\nasy.active.should.be.equal(0);",
            "err": {},
            "isRoot": false,
            "uuid": "69a89ae0-f750-4683-b807-ff9bc27ee152",
            "parentUUID": "ef2d66b3-18ed-47ce-8ac8-733c4ce8f02d",
            "isHook": false,
            "skipped": false
          },
          {
            "title": "constructor limit less than 1 for nextTick",
            "fullTitle": "asyncLimit constructor limit less than 1 for nextTick",
            "timedOut": false,
            "duration": 0,
            "state": "passed",
            "speed": "fast",
            "pass": true,
            "fail": false,
            "pending": false,
            "code": "var asy = new asyncLimit(0);\nasy.push(process.nextTick, function () {\n  asy.active.should.be.equal(0);\n  done();\n});\nasy.active.should.be.equal(0);",
            "err": {},
            "isRoot": false,
            "uuid": "1a2e82db-b1ae-4b2e-8fe7-41504d2d7b38",
            "parentUUID": "ef2d66b3-18ed-47ce-8ac8-733c4ce8f02d",
            "isHook": false,
            "skipped": false
          },
          {
            "title": "constructor disabled is true",
            "fullTitle": "asyncLimit constructor disabled is true",
            "timedOut": false,
            "duration": 15,
            "state": "passed",
            "speed": "fast",
            "pass": true,
            "fail": false,
            "pending": false,
            "code": "var asy = new asyncLimit(10, true);\nasy.push(async, 10, function () {\n  asy.active.should.be.equal(0);\n  done();\n});\nasy.active.should.be.equal(0);",
            "err": {},
            "isRoot": false,
            "uuid": "c927e136-5092-4139-a663-6d4504bac056",
            "parentUUID": "ef2d66b3-18ed-47ce-8ac8-733c4ce8f02d",
            "isHook": false,
            "skipped": false
          },
          {
            "title": "push",
            "fullTitle": "asyncLimit push",
            "timedOut": false,
            "duration": 20,
            "state": "passed",
            "speed": "fast",
            "pass": true,
            "fail": false,
            "pending": false,
            "code": "var asy = new asyncLimit(5);\nasy.limit.should.be.equal(5);\nasy.queue.should.have.length(0);\nasy.active.should.be.equal(0);\nasy.push(async, 10, function () {\n  asy.active.should.be.equal(0);\n  done();\n});\nasy.active.should.be.equal(1);",
            "err": {},
            "isRoot": false,
            "uuid": "da6a7970-d1bc-4365-a19b-d2e0ee1dfbf7",
            "parentUUID": "ef2d66b3-18ed-47ce-8ac8-733c4ce8f02d",
            "isHook": false,
            "skipped": false
          },
          {
            "title": "push, async with this",
            "fullTitle": "asyncLimit push, async with this",
            "timedOut": false,
            "duration": 0,
            "state": "passed",
            "speed": "fast",
            "pass": true,
            "fail": false,
            "pending": false,
            "code": "var asy = new asyncLimit(5);\nasy.limit.should.be.equal(5);\nasy.queue.should.have.length(0);\nasy.active.should.be.equal(0);\nvar context = {value: 10};\ncontext.async = function (callback) {\n  this.value--;\n  //console.log('this:',this.value);\n  var that = this;\n  process.nextTick(function() {\n    callback(that.value);\n    // console.log('that:',that.value);\n  });\n};\nasy.push(context.async.bind(context), function () {\n  asy.active.should.be.equal(0);\n  done();\n});\nasy.active.should.be.equal(1);",
            "err": {},
            "isRoot": false,
            "uuid": "7a8a8448-1dcd-4aab-acbe-a054778cbf87",
            "parentUUID": "ef2d66b3-18ed-47ce-8ac8-733c4ce8f02d",
            "isHook": false,
            "skipped": false
          },
          {
            "title": "push, active should not be above limit",
            "fullTitle": "asyncLimit push, active should not be above limit",
            "timedOut": false,
            "duration": 31,
            "state": "passed",
            "speed": "fast",
            "pass": true,
            "fail": false,
            "pending": false,
            "code": "var limit = 5;\nvar asy = new asyncLimit(limit);\nasy.limit.should.be.equal(limit);\nasy.queue.should.have.length(0);\nasy.active.should.be.equal(0);\nvar counter = 10;\nfor (var i = 0; i < counter; i++) {\n  var pushValue = 1 + Math.round(Math.random() * 10);\n  asy.push(async, pushValue, function () {\n    // console.log('push:',pushValue);\n    // console.log('active:',asy.active);\n    asy.active.should.not.be.above(limit);\n    counter--;\n    if (counter === 0) {\n      done();\n    }\n  });\n  asy.active.should.not.be.above(limit);\n}",
            "err": {},
            "isRoot": false,
            "uuid": "daba9546-b1c5-48cb-9c0a-03637c098fea",
            "parentUUID": "ef2d66b3-18ed-47ce-8ac8-733c4ce8f02d",
            "isHook": false,
            "skipped": false
          },
          {
            "title": "push, disabled, active should not be above limit",
            "fullTitle": "asyncLimit push, disabled, active should not be above limit",
            "timedOut": false,
            "duration": 31,
            "state": "passed",
            "speed": "fast",
            "pass": true,
            "fail": false,
            "pending": false,
            "code": "var limit = 5;\nvar asy = new asyncLimit(limit, true);\nasy.limit.should.be.equal(limit);\nasy.queue.should.have.length(0);\nasy.active.should.be.equal(0);\nvar counter = 10;\nfor (var i = 0; i < counter; i++) {\n  var pushValue = 10 + Math.round(Math.random() * 10);\n  asy.push(async, pushValue, function () {\n    // console.log('push:',pushValue);\n    // console.log('active:',asy.active);\n    asy.active.should.be.equal(0);\n    counter--;\n    if (counter === 0) {\n      done();\n    }\n  });\n  asy.active.should.be.equal(0);\n}",
            "err": {},
            "isRoot": false,
            "uuid": "328def19-8d96-4fbf-a0b0-732b2e26e35b",
            "parentUUID": "ef2d66b3-18ed-47ce-8ac8-733c4ce8f02d",
            "isHook": false,
            "skipped": false
          },
          {
            "title": "full event should fired when above limit",
            "fullTitle": "asyncLimit full event should fired when above limit",
            "timedOut": false,
            "duration": 0,
            "state": "passed",
            "speed": "fast",
            "pass": true,
            "fail": false,
            "pending": false,
            "code": "var limit = 5;\nvar asy = new asyncLimit(limit);\nasy.limit.should.be.equal(limit);\nasy.queue.should.have.length(0);\nasy.active.should.be.equal(0);\nvar counter = 0;\nasy.on('full', function (length) {\n  length.should.above(1);\n  counter++;\n});\nvar noop = function () {};\nfor (var i = 0; i < 100; i++) {\n  asy.push(async, 10, noop);\n}\ncounter.should.above(0);\ndone();",
            "err": {},
            "isRoot": false,
            "uuid": "4254f0a1-6a89-439c-b765-bc4bc85d431b",
            "parentUUID": "ef2d66b3-18ed-47ce-8ac8-733c4ce8f02d",
            "isHook": false,
            "skipped": false
          },
          {
            "title": "should support without callback",
            "fullTitle": "asyncLimit should support without callback",
            "timedOut": false,
            "duration": 0,
            "state": "passed",
            "speed": "fast",
            "pass": true,
            "fail": false,
            "pending": false,
            "code": "var limit = 5;\nvar asy = new asyncLimit(limit);\nasy.limit.should.be.equal(limit);\nasy.queue.should.have.length(0);\nasy.active.should.be.equal(0);\nasy.push(async, 10);\n// console.log(asy.active);\nasy.active.should.be.equal(1);\ndone();",
            "err": {},
            "isRoot": false,
            "uuid": "bc820adc-eba7-40ca-8c3b-48a03213d0e5",
            "parentUUID": "ef2d66b3-18ed-47ce-8ac8-733c4ce8f02d",
            "isHook": false,
            "skipped": false
          },
          {
            "title": "should get TimeoutError",
            "fullTitle": "asyncLimit should get TimeoutError",
            "timedOut": false,
            "duration": 38,
            "state": "passed",
            "speed": "medium",
            "pass": true,
            "fail": false,
            "pending": false,
            "code": "done = pedding(3, done);\nvar _async = function _async(ms, callback) {\n  setTimeout(function () {\n    callback(null, {ms: ms});\n    // console.log(ms)\n  }, ms);\n};\nvar _async2 = function _async(ms, callback) {\n  setTimeout(function () {\n    callback(new Error('Timeout'));\n  }, ms);\n};\nvar asy = new asyncLimit(10, {\n  timeout: 10\n});\nasy.on('outTime', function (err) {\n  should.exist(err);\n  done();\n});\n//5<10不报错\nasy.push(_async, 5, function (err, data) {\n  should.not.exist(err);\n  should.exist(data);\n  data.should.have.property('ms', 5);\n  done();\n});\n//15>10报错\nasy.push(_async2, 15, function (err) {\n  should.exist(err);\n  err.name.should.eql('TimeoutError');\n  err.message.should.eql('10ms timeout');\n  err.data.should.have.property('name', '_async');\n  err.data.should.have.property('method');\n  err.data.args.should.eql([15]);\n  done();\n});",
            "err": {},
            "isRoot": false,
            "uuid": "46d3191c-d80e-415e-9f3e-e107725c445b",
            "parentUUID": "ef2d66b3-18ed-47ce-8ac8-733c4ce8f02d",
            "isHook": false,
            "skipped": false
          }
        ],
        "failures": [],
        "skipped": [],
        "hasTests": true,
        "hasFailedHooks": false,
        "hasSuites": false,
        "totalTests": 12,
        "totalPasses": 12,
        "totalFailures": 0,
        "totalPending": 0,
        "totalSkipped": 0,
        "hasPasses": true,
        "hasFailures": false,
        "hasPending": false,
        "hasSkipped": false,
        "duration": 167,
        "rootEmpty": false
      }
    ],
    "tests": [],
    "pending": [],
    "root": true,
    "_timeout": 2000,
    "uuid": "73220f4b-b4bc-4400-82fd-8a662201bd8c",
    "failedHooks": [],
    "fullFile": "",
    "file": "",
    "passes": [],
    "failures": [],
    "skipped": [],
    "hasTests": false,
    "hasFailedHooks": false,
    "hasSuites": true,
    "totalTests": 0,
    "totalPasses": 0,
    "totalFailures": 0,
    "totalPending": 0,
    "totalSkipped": 0,
    "hasPasses": false,
    "hasFailures": false,
    "hasPending": false,
    "hasSkipped": false,
    "duration": 0,
    "rootEmpty": true
  },
  "allTests": [
    {
      "title": "constructor",
      "fullTitle": "asyncLimit constructor",
      "timedOut": false,
      "duration": 0,
      "state": "passed",
      "speed": "fast",
      "pass": true,
      "fail": false,
      "pending": false,
      "code": "var asy = new asyncLimit(10);\nasy.limit.should.be.equal(10);\nasy.queue.should.have.length(0);\nasy.active.should.be.equal(0);\nasy.options.disabled.should.be.equal(false);",
      "err": {},
      "isRoot": false,
      "uuid": "9995a951-ebf6-44bf-93fc-78a9a768edf4",
      "parentUUID": "ef2d66b3-18ed-47ce-8ac8-733c4ce8f02d",
      "isHook": false,
      "skipped": false
    },
    {
      "title": "constructor disabled",
      "fullTitle": "asyncLimit constructor disabled",
      "timedOut": false,
      "duration": 0,
      "state": "passed",
      "speed": "fast",
      "pass": true,
      "fail": false,
      "pending": false,
      "code": "var asy = new asyncLimit(10, true);\nasy.limit.should.be.equal(10);\nasy.queue.should.have.length(0);\nasy.active.should.be.equal(0);\nasy.options.disabled.should.be.equal(true);",
      "err": {},
      "isRoot": false,
      "uuid": "8285ebba-d9df-4e2f-95ae-e237e4fdf3de",
      "parentUUID": "ef2d66b3-18ed-47ce-8ac8-733c4ce8f02d",
      "isHook": false,
      "skipped": false
    },
    {
      "title": "constructor limit less than 1",
      "fullTitle": "asyncLimit constructor limit less than 1",
      "timedOut": false,
      "duration": 32,
      "state": "passed",
      "speed": "fast",
      "pass": true,
      "fail": false,
      "pending": false,
      "code": "var asy = new asyncLimit(0);\nasy.push(async, 10, function () {\n  asy.active.should.be.equal(0);\n  done();\n});\nasy.active.should.be.equal(0);",
      "err": {},
      "isRoot": false,
      "uuid": "69a89ae0-f750-4683-b807-ff9bc27ee152",
      "parentUUID": "ef2d66b3-18ed-47ce-8ac8-733c4ce8f02d",
      "isHook": false,
      "skipped": false
    },
    {
      "title": "constructor limit less than 1 for nextTick",
      "fullTitle": "asyncLimit constructor limit less than 1 for nextTick",
      "timedOut": false,
      "duration": 0,
      "state": "passed",
      "speed": "fast",
      "pass": true,
      "fail": false,
      "pending": false,
      "code": "var asy = new asyncLimit(0);\nasy.push(process.nextTick, function () {\n  asy.active.should.be.equal(0);\n  done();\n});\nasy.active.should.be.equal(0);",
      "err": {},
      "isRoot": false,
      "uuid": "1a2e82db-b1ae-4b2e-8fe7-41504d2d7b38",
      "parentUUID": "ef2d66b3-18ed-47ce-8ac8-733c4ce8f02d",
      "isHook": false,
      "skipped": false
    },
    {
      "title": "constructor disabled is true",
      "fullTitle": "asyncLimit constructor disabled is true",
      "timedOut": false,
      "duration": 15,
      "state": "passed",
      "speed": "fast",
      "pass": true,
      "fail": false,
      "pending": false,
      "code": "var asy = new asyncLimit(10, true);\nasy.push(async, 10, function () {\n  asy.active.should.be.equal(0);\n  done();\n});\nasy.active.should.be.equal(0);",
      "err": {},
      "isRoot": false,
      "uuid": "c927e136-5092-4139-a663-6d4504bac056",
      "parentUUID": "ef2d66b3-18ed-47ce-8ac8-733c4ce8f02d",
      "isHook": false,
      "skipped": false
    },
    {
      "title": "push",
      "fullTitle": "asyncLimit push",
      "timedOut": false,
      "duration": 20,
      "state": "passed",
      "speed": "fast",
      "pass": true,
      "fail": false,
      "pending": false,
      "code": "var asy = new asyncLimit(5);\nasy.limit.should.be.equal(5);\nasy.queue.should.have.length(0);\nasy.active.should.be.equal(0);\nasy.push(async, 10, function () {\n  asy.active.should.be.equal(0);\n  done();\n});\nasy.active.should.be.equal(1);",
      "err": {},
      "isRoot": false,
      "uuid": "da6a7970-d1bc-4365-a19b-d2e0ee1dfbf7",
      "parentUUID": "ef2d66b3-18ed-47ce-8ac8-733c4ce8f02d",
      "isHook": false,
      "skipped": false
    },
    {
      "title": "push, async with this",
      "fullTitle": "asyncLimit push, async with this",
      "timedOut": false,
      "duration": 0,
      "state": "passed",
      "speed": "fast",
      "pass": true,
      "fail": false,
      "pending": false,
      "code": "var asy = new asyncLimit(5);\nasy.limit.should.be.equal(5);\nasy.queue.should.have.length(0);\nasy.active.should.be.equal(0);\nvar context = {value: 10};\ncontext.async = function (callback) {\n  this.value--;\n  //console.log('this:',this.value);\n  var that = this;\n  process.nextTick(function() {\n    callback(that.value);\n    // console.log('that:',that.value);\n  });\n};\nasy.push(context.async.bind(context), function () {\n  asy.active.should.be.equal(0);\n  done();\n});\nasy.active.should.be.equal(1);",
      "err": {},
      "isRoot": false,
      "uuid": "7a8a8448-1dcd-4aab-acbe-a054778cbf87",
      "parentUUID": "ef2d66b3-18ed-47ce-8ac8-733c4ce8f02d",
      "isHook": false,
      "skipped": false
    },
    {
      "title": "push, active should not be above limit",
      "fullTitle": "asyncLimit push, active should not be above limit",
      "timedOut": false,
      "duration": 31,
      "state": "passed",
      "speed": "fast",
      "pass": true,
      "fail": false,
      "pending": false,
      "code": "var limit = 5;\nvar asy = new asyncLimit(limit);\nasy.limit.should.be.equal(limit);\nasy.queue.should.have.length(0);\nasy.active.should.be.equal(0);\nvar counter = 10;\nfor (var i = 0; i < counter; i++) {\n  var pushValue = 1 + Math.round(Math.random() * 10);\n  asy.push(async, pushValue, function () {\n    // console.log('push:',pushValue);\n    // console.log('active:',asy.active);\n    asy.active.should.not.be.above(limit);\n    counter--;\n    if (counter === 0) {\n      done();\n    }\n  });\n  asy.active.should.not.be.above(limit);\n}",
      "err": {},
      "isRoot": false,
      "uuid": "daba9546-b1c5-48cb-9c0a-03637c098fea",
      "parentUUID": "ef2d66b3-18ed-47ce-8ac8-733c4ce8f02d",
      "isHook": false,
      "skipped": false
    },
    {
      "title": "push, disabled, active should not be above limit",
      "fullTitle": "asyncLimit push, disabled, active should not be above limit",
      "timedOut": false,
      "duration": 31,
      "state": "passed",
      "speed": "fast",
      "pass": true,
      "fail": false,
      "pending": false,
      "code": "var limit = 5;\nvar asy = new asyncLimit(limit, true);\nasy.limit.should.be.equal(limit);\nasy.queue.should.have.length(0);\nasy.active.should.be.equal(0);\nvar counter = 10;\nfor (var i = 0; i < counter; i++) {\n  var pushValue = 10 + Math.round(Math.random() * 10);\n  asy.push(async, pushValue, function () {\n    // console.log('push:',pushValue);\n    // console.log('active:',asy.active);\n    asy.active.should.be.equal(0);\n    counter--;\n    if (counter === 0) {\n      done();\n    }\n  });\n  asy.active.should.be.equal(0);\n}",
      "err": {},
      "isRoot": false,
      "uuid": "328def19-8d96-4fbf-a0b0-732b2e26e35b",
      "parentUUID": "ef2d66b3-18ed-47ce-8ac8-733c4ce8f02d",
      "isHook": false,
      "skipped": false
    },
    {
      "title": "full event should fired when above limit",
      "fullTitle": "asyncLimit full event should fired when above limit",
      "timedOut": false,
      "duration": 0,
      "state": "passed",
      "speed": "fast",
      "pass": true,
      "fail": false,
      "pending": false,
      "code": "var limit = 5;\nvar asy = new asyncLimit(limit);\nasy.limit.should.be.equal(limit);\nasy.queue.should.have.length(0);\nasy.active.should.be.equal(0);\nvar counter = 0;\nasy.on('full', function (length) {\n  length.should.above(1);\n  counter++;\n});\nvar noop = function () {};\nfor (var i = 0; i < 100; i++) {\n  asy.push(async, 10, noop);\n}\ncounter.should.above(0);\ndone();",
      "err": {},
      "isRoot": false,
      "uuid": "4254f0a1-6a89-439c-b765-bc4bc85d431b",
      "parentUUID": "ef2d66b3-18ed-47ce-8ac8-733c4ce8f02d",
      "isHook": false,
      "skipped": false
    },
    {
      "title": "should support without callback",
      "fullTitle": "asyncLimit should support without callback",
      "timedOut": false,
      "duration": 0,
      "state": "passed",
      "speed": "fast",
      "pass": true,
      "fail": false,
      "pending": false,
      "code": "var limit = 5;\nvar asy = new asyncLimit(limit);\nasy.limit.should.be.equal(limit);\nasy.queue.should.have.length(0);\nasy.active.should.be.equal(0);\nasy.push(async, 10);\n// console.log(asy.active);\nasy.active.should.be.equal(1);\ndone();",
      "err": {},
      "isRoot": false,
      "uuid": "bc820adc-eba7-40ca-8c3b-48a03213d0e5",
      "parentUUID": "ef2d66b3-18ed-47ce-8ac8-733c4ce8f02d",
      "isHook": false,
      "skipped": false
    },
    {
      "title": "should get TimeoutError",
      "fullTitle": "asyncLimit should get TimeoutError",
      "timedOut": false,
      "duration": 38,
      "state": "passed",
      "speed": "medium",
      "pass": true,
      "fail": false,
      "pending": false,
      "code": "done = pedding(3, done);\nvar _async = function _async(ms, callback) {\n  setTimeout(function () {\n    callback(null, {ms: ms});\n    // console.log(ms)\n  }, ms);\n};\nvar _async2 = function _async(ms, callback) {\n  setTimeout(function () {\n    callback(new Error('Timeout'));\n  }, ms);\n};\nvar asy = new asyncLimit(10, {\n  timeout: 10\n});\nasy.on('outTime', function (err) {\n  should.exist(err);\n  done();\n});\n//5<10不报错\nasy.push(_async, 5, function (err, data) {\n  should.not.exist(err);\n  should.exist(data);\n  data.should.have.property('ms', 5);\n  done();\n});\n//15>10报错\nasy.push(_async2, 15, function (err) {\n  should.exist(err);\n  err.name.should.eql('TimeoutError');\n  err.message.should.eql('10ms timeout');\n  err.data.should.have.property('name', '_async');\n  err.data.should.have.property('method');\n  err.data.args.should.eql([15]);\n  done();\n});",
      "err": {},
      "isRoot": false,
      "uuid": "46d3191c-d80e-415e-9f3e-e107725c445b",
      "parentUUID": "ef2d66b3-18ed-47ce-8ac8-733c4ce8f02d",
      "isHook": false,
      "skipped": false
    }
  ],
  "allPending": [],
  "allPasses": [
    {
      "title": "constructor",
      "fullTitle": "asyncLimit constructor",
      "timedOut": false,
      "duration": 0,
      "state": "passed",
      "speed": "fast",
      "pass": true,
      "fail": false,
      "pending": false,
      "code": "var asy = new asyncLimit(10);\nasy.limit.should.be.equal(10);\nasy.queue.should.have.length(0);\nasy.active.should.be.equal(0);\nasy.options.disabled.should.be.equal(false);",
      "err": {},
      "isRoot": false,
      "uuid": "9995a951-ebf6-44bf-93fc-78a9a768edf4",
      "parentUUID": "ef2d66b3-18ed-47ce-8ac8-733c4ce8f02d",
      "isHook": false,
      "skipped": false
    },
    {
      "title": "constructor disabled",
      "fullTitle": "asyncLimit constructor disabled",
      "timedOut": false,
      "duration": 0,
      "state": "passed",
      "speed": "fast",
      "pass": true,
      "fail": false,
      "pending": false,
      "code": "var asy = new asyncLimit(10, true);\nasy.limit.should.be.equal(10);\nasy.queue.should.have.length(0);\nasy.active.should.be.equal(0);\nasy.options.disabled.should.be.equal(true);",
      "err": {},
      "isRoot": false,
      "uuid": "8285ebba-d9df-4e2f-95ae-e237e4fdf3de",
      "parentUUID": "ef2d66b3-18ed-47ce-8ac8-733c4ce8f02d",
      "isHook": false,
      "skipped": false
    },
    {
      "title": "constructor limit less than 1",
      "fullTitle": "asyncLimit constructor limit less than 1",
      "timedOut": false,
      "duration": 32,
      "state": "passed",
      "speed": "fast",
      "pass": true,
      "fail": false,
      "pending": false,
      "code": "var asy = new asyncLimit(0);\nasy.push(async, 10, function () {\n  asy.active.should.be.equal(0);\n  done();\n});\nasy.active.should.be.equal(0);",
      "err": {},
      "isRoot": false,
      "uuid": "69a89ae0-f750-4683-b807-ff9bc27ee152",
      "parentUUID": "ef2d66b3-18ed-47ce-8ac8-733c4ce8f02d",
      "isHook": false,
      "skipped": false
    },
    {
      "title": "constructor limit less than 1 for nextTick",
      "fullTitle": "asyncLimit constructor limit less than 1 for nextTick",
      "timedOut": false,
      "duration": 0,
      "state": "passed",
      "speed": "fast",
      "pass": true,
      "fail": false,
      "pending": false,
      "code": "var asy = new asyncLimit(0);\nasy.push(process.nextTick, function () {\n  asy.active.should.be.equal(0);\n  done();\n});\nasy.active.should.be.equal(0);",
      "err": {},
      "isRoot": false,
      "uuid": "1a2e82db-b1ae-4b2e-8fe7-41504d2d7b38",
      "parentUUID": "ef2d66b3-18ed-47ce-8ac8-733c4ce8f02d",
      "isHook": false,
      "skipped": false
    },
    {
      "title": "constructor disabled is true",
      "fullTitle": "asyncLimit constructor disabled is true",
      "timedOut": false,
      "duration": 15,
      "state": "passed",
      "speed": "fast",
      "pass": true,
      "fail": false,
      "pending": false,
      "code": "var asy = new asyncLimit(10, true);\nasy.push(async, 10, function () {\n  asy.active.should.be.equal(0);\n  done();\n});\nasy.active.should.be.equal(0);",
      "err": {},
      "isRoot": false,
      "uuid": "c927e136-5092-4139-a663-6d4504bac056",
      "parentUUID": "ef2d66b3-18ed-47ce-8ac8-733c4ce8f02d",
      "isHook": false,
      "skipped": false
    },
    {
      "title": "push",
      "fullTitle": "asyncLimit push",
      "timedOut": false,
      "duration": 20,
      "state": "passed",
      "speed": "fast",
      "pass": true,
      "fail": false,
      "pending": false,
      "code": "var asy = new asyncLimit(5);\nasy.limit.should.be.equal(5);\nasy.queue.should.have.length(0);\nasy.active.should.be.equal(0);\nasy.push(async, 10, function () {\n  asy.active.should.be.equal(0);\n  done();\n});\nasy.active.should.be.equal(1);",
      "err": {},
      "isRoot": false,
      "uuid": "da6a7970-d1bc-4365-a19b-d2e0ee1dfbf7",
      "parentUUID": "ef2d66b3-18ed-47ce-8ac8-733c4ce8f02d",
      "isHook": false,
      "skipped": false
    },
    {
      "title": "push, async with this",
      "fullTitle": "asyncLimit push, async with this",
      "timedOut": false,
      "duration": 0,
      "state": "passed",
      "speed": "fast",
      "pass": true,
      "fail": false,
      "pending": false,
      "code": "var asy = new asyncLimit(5);\nasy.limit.should.be.equal(5);\nasy.queue.should.have.length(0);\nasy.active.should.be.equal(0);\nvar context = {value: 10};\ncontext.async = function (callback) {\n  this.value--;\n  //console.log('this:',this.value);\n  var that = this;\n  process.nextTick(function() {\n    callback(that.value);\n    // console.log('that:',that.value);\n  });\n};\nasy.push(context.async.bind(context), function () {\n  asy.active.should.be.equal(0);\n  done();\n});\nasy.active.should.be.equal(1);",
      "err": {},
      "isRoot": false,
      "uuid": "7a8a8448-1dcd-4aab-acbe-a054778cbf87",
      "parentUUID": "ef2d66b3-18ed-47ce-8ac8-733c4ce8f02d",
      "isHook": false,
      "skipped": false
    },
    {
      "title": "push, active should not be above limit",
      "fullTitle": "asyncLimit push, active should not be above limit",
      "timedOut": false,
      "duration": 31,
      "state": "passed",
      "speed": "fast",
      "pass": true,
      "fail": false,
      "pending": false,
      "code": "var limit = 5;\nvar asy = new asyncLimit(limit);\nasy.limit.should.be.equal(limit);\nasy.queue.should.have.length(0);\nasy.active.should.be.equal(0);\nvar counter = 10;\nfor (var i = 0; i < counter; i++) {\n  var pushValue = 1 + Math.round(Math.random() * 10);\n  asy.push(async, pushValue, function () {\n    // console.log('push:',pushValue);\n    // console.log('active:',asy.active);\n    asy.active.should.not.be.above(limit);\n    counter--;\n    if (counter === 0) {\n      done();\n    }\n  });\n  asy.active.should.not.be.above(limit);\n}",
      "err": {},
      "isRoot": false,
      "uuid": "daba9546-b1c5-48cb-9c0a-03637c098fea",
      "parentUUID": "ef2d66b3-18ed-47ce-8ac8-733c4ce8f02d",
      "isHook": false,
      "skipped": false
    },
    {
      "title": "push, disabled, active should not be above limit",
      "fullTitle": "asyncLimit push, disabled, active should not be above limit",
      "timedOut": false,
      "duration": 31,
      "state": "passed",
      "speed": "fast",
      "pass": true,
      "fail": false,
      "pending": false,
      "code": "var limit = 5;\nvar asy = new asyncLimit(limit, true);\nasy.limit.should.be.equal(limit);\nasy.queue.should.have.length(0);\nasy.active.should.be.equal(0);\nvar counter = 10;\nfor (var i = 0; i < counter; i++) {\n  var pushValue = 10 + Math.round(Math.random() * 10);\n  asy.push(async, pushValue, function () {\n    // console.log('push:',pushValue);\n    // console.log('active:',asy.active);\n    asy.active.should.be.equal(0);\n    counter--;\n    if (counter === 0) {\n      done();\n    }\n  });\n  asy.active.should.be.equal(0);\n}",
      "err": {},
      "isRoot": false,
      "uuid": "328def19-8d96-4fbf-a0b0-732b2e26e35b",
      "parentUUID": "ef2d66b3-18ed-47ce-8ac8-733c4ce8f02d",
      "isHook": false,
      "skipped": false
    },
    {
      "title": "full event should fired when above limit",
      "fullTitle": "asyncLimit full event should fired when above limit",
      "timedOut": false,
      "duration": 0,
      "state": "passed",
      "speed": "fast",
      "pass": true,
      "fail": false,
      "pending": false,
      "code": "var limit = 5;\nvar asy = new asyncLimit(limit);\nasy.limit.should.be.equal(limit);\nasy.queue.should.have.length(0);\nasy.active.should.be.equal(0);\nvar counter = 0;\nasy.on('full', function (length) {\n  length.should.above(1);\n  counter++;\n});\nvar noop = function () {};\nfor (var i = 0; i < 100; i++) {\n  asy.push(async, 10, noop);\n}\ncounter.should.above(0);\ndone();",
      "err": {},
      "isRoot": false,
      "uuid": "4254f0a1-6a89-439c-b765-bc4bc85d431b",
      "parentUUID": "ef2d66b3-18ed-47ce-8ac8-733c4ce8f02d",
      "isHook": false,
      "skipped": false
    },
    {
      "title": "should support without callback",
      "fullTitle": "asyncLimit should support without callback",
      "timedOut": false,
      "duration": 0,
      "state": "passed",
      "speed": "fast",
      "pass": true,
      "fail": false,
      "pending": false,
      "code": "var limit = 5;\nvar asy = new asyncLimit(limit);\nasy.limit.should.be.equal(limit);\nasy.queue.should.have.length(0);\nasy.active.should.be.equal(0);\nasy.push(async, 10);\n// console.log(asy.active);\nasy.active.should.be.equal(1);\ndone();",
      "err": {},
      "isRoot": false,
      "uuid": "bc820adc-eba7-40ca-8c3b-48a03213d0e5",
      "parentUUID": "ef2d66b3-18ed-47ce-8ac8-733c4ce8f02d",
      "isHook": false,
      "skipped": false
    },
    {
      "title": "should get TimeoutError",
      "fullTitle": "asyncLimit should get TimeoutError",
      "timedOut": false,
      "duration": 38,
      "state": "passed",
      "speed": "medium",
      "pass": true,
      "fail": false,
      "pending": false,
      "code": "done = pedding(3, done);\nvar _async = function _async(ms, callback) {\n  setTimeout(function () {\n    callback(null, {ms: ms});\n    // console.log(ms)\n  }, ms);\n};\nvar _async2 = function _async(ms, callback) {\n  setTimeout(function () {\n    callback(new Error('Timeout'));\n  }, ms);\n};\nvar asy = new asyncLimit(10, {\n  timeout: 10\n});\nasy.on('outTime', function (err) {\n  should.exist(err);\n  done();\n});\n//5<10不报错\nasy.push(_async, 5, function (err, data) {\n  should.not.exist(err);\n  should.exist(data);\n  data.should.have.property('ms', 5);\n  done();\n});\n//15>10报错\nasy.push(_async2, 15, function (err) {\n  should.exist(err);\n  err.name.should.eql('TimeoutError');\n  err.message.should.eql('10ms timeout');\n  err.data.should.have.property('name', '_async');\n  err.data.should.have.property('method');\n  err.data.args.should.eql([15]);\n  done();\n});",
      "err": {},
      "isRoot": false,
      "uuid": "46d3191c-d80e-415e-9f3e-e107725c445b",
      "parentUUID": "ef2d66b3-18ed-47ce-8ac8-733c4ce8f02d",
      "isHook": false,
      "skipped": false
    }
  ],
  "allFailures": [],
  "copyrightYear": 2017
}